-------------------------------------------------------------------------------
Test set: com.tweetapp.likes.LikesTest
-------------------------------------------------------------------------------
Tests run: 5, Failures: 1, Errors: 0, Skipped: 0, Time elapsed: 2.227 s <<< FAILURE! - in com.tweetapp.likes.LikesTest
getlikeCount  Time elapsed: 0.348 s  <<< FAILURE!
java.lang.AssertionError: 

Expecting actual not to be null
	at com.tweetapp.likes.LikesTest.getlikeCount(LikesTest.java:29)

