-------------------------------------------------------------------------------
Test set: com.tweetapp.tweetsTest.TweetsTest
-------------------------------------------------------------------------------
Tests run: 7, Failures: 1, Errors: 0, Skipped: 0, Time elapsed: 2.201 s <<< FAILURE! - in com.tweetapp.tweetsTest.TweetsTest
getTweet  Time elapsed: 0.451 s  <<< FAILURE!
java.lang.AssertionError: 

Expecting actual not to be null
	at com.tweetapp.tweetsTest.TweetsTest.getTweet(TweetsTest.java:30)

