<?xml version="1.0" encoding="UTF-8"?>
<testsuite xmlns:xsi="http://www.w3.org/2001/XMLSchema-instance" xsi:noNamespaceSchemaLocation="https://maven.apache.org/surefire/maven-surefire-plugin/xsd/surefire-test-report.xsd" name="com.tweetapp.likes.LikesTest" time="2.227" tests="5" errors="0" skipped="0" failures="1">
  <properties>
[...]
</properties>
  <testcase name="getAll" classname="com.tweetapp.likes.LikesTest" time="0.278"/>
  <testcase name="updateLikes" classname="com.tweetapp.likes.LikesTest" time="0.668"/>
  <testcase name="contextLoads" classname="com.tweetapp.likes.LikesTest" time="0"/>
  <testcase name="deleteLike" classname="com.tweetapp.likes.LikesTest" time="0.381"/>
  <testcase name="getlikeCount" classname="com.tweetapp.likes.LikesTest" time="0.348">
    <failure message="&#10;Expecting actual not to be null" type="java.lang.AssertionError">java.lang.AssertionError: 

Expecting actual not to be null
	at com.tweetapp.likes.LikesTest.getlikeCount(LikesTest.java:29)
</failure>
    <system-out><![CDATA[2022-09-27 13:11:56.857  INFO 4744 --- [           main] com.tweetapp.likes.LikesController       : Details of likes for tweetId 4 : null
]]></system-out>
  </testcase>
</testsuite>